66 Antonio
66 Luis
68 Diego
69 Hans
70 Mark
70 Mei
72 Anna
73 Benito
73 Sean
74 Felix
74 Nadia
74 Wei
74 Zeke
75 Jane
75 Rafael
76 Chris
76 Daniel
76 Miguel
76 Sam
76 Tom
76 Zane
77 Elena
77 Lin
77 Ugo
77 Yuki
78 Ahmed
78 Akira
78 Carmen
78 Hugo
78 Mateo
78 Niko
78 Sara
78 Simon
78 Tariq
79 Kai
79 Omar
80 Klaus
81 Erik
81 Finn
81 Lars
82 Chen
82 Chloe
82 Mohamed
83 Dylan
83 Noah
83 Will
84 Leo
84 Max
84 Stefan
85 Aaron
85 Adam
85 Alejandro
85 Amir
85 Jamal
85 Marco
85 Mia
85 Pedro
85 Peter
85 Sasha
85 Yara
86 Jacob
86 Pablo
86 Sven
86 Zara
87 Ivan
87 Oscar
88 Andre
88 Eva
88 Luca
88 Nina
88 Sora
88 Yuri
89 Carlos
89 Maria
89 Raul
89 Victor
90 Alice
90 Emma
90 Vlad
91 Aria
91 Julia
91 Naomi
91 Rosa
91 Theo
91 Zoe
92 Aisha
92 Tao
93 Grace
93 Karin
95 Ana
