0 Arfaan
0 Arnesha
0 Barty
0 Cupertino
0 Denziel
0 Joplin
0 Kalifa
0 Khayra
0 Ladena
0 Layiah
0 Lilyrae
0 Mayalen
0 Melo
0 Sabali
0 Shantivia
0 Trinia
1 Dearri
1 Dianca
1 Elyias
1 Gerall
1 Jareka
1 Lobsang
1 Melvin
1 Mercedita
1 Shanel
1 Vernamae
2 Cheznie
2 Dagmawi
2 Glessie
3 Adlyn
3 Cassander
3 Douglas
3 Jazper
3 Jenniper
3 Kevine
3 Kyheem
3 Zon
4 Abegail
4 Baylen
4 Daizjah
4 Deyler
4 Esthefani
4 Kimorah
4 Melaya
4 Samraat
4 Vikram
5 Ameline
5 Annaclara
5 Elijio
5 Eunique
5 Gabrialla
5 Graysen
5 Jazmari
5 Kashlee
5 Maheen
5 Manal
6 Bowie
6 Canela
6 Dequasha
6 Estephanie
6 Hidemi
6 Kaityn
6 Leburn
6 Lennis
6 Luren
6 Maxxon
6 Osiyo
6 Rasheeda
6 Thania
6 Vennessa
7 Alizandra
7 Bennett
7 Eleasha
7 Emoree
7 Kamakani
7 Kasydi
7 Layney
7 Stepheon
7 Talei
7 Terri
7 Xalynn
7 Zoyah
8 Aldahir
8 Alythia
8 Felina
8 Jenilca
8 Kazaria
8 Ladazia
8 Lakida
8 Leiland
8 Nyela
8 Olean
8 Shaqualia
9 Aphrodite
9 Clee
9 Dannae
9 Hang
9 Jewliana
9 Kayann
9 Kendrell
9 Sherina
10 Dasianae
10 Foxy
10 Fremon
10 Laderrica
10 Maysa
11 Aundre
11 Austinjohn
11 Chantzy
11 Earl
11 Quantina
11 Saha
11 Shambra
11 Tyras
11 Tyshell
12 Boby
12 Davron
12 Desales
12 Doyne
12 Emojean
12 Kamarie
12 Kani
12 Kasity
12 Korinthian
12 Kosem
12 Nafiz
12 Orbie
12 Rasim
12 Sedinam
12 Shatoria
12 Tajmalik
12 Tamlyn
12 Vastine
12 Zelta
13 Anyeline
13 Charu
13 Jamaria
13 Rontavis
13 Ryyan
14 Anjannette
14 Josejuan
14 Marielly
14 Quantrel
15 Alaura
15 Amiley
15 Andropolis
15 Ayeh
15 Bayless
15 Draylin
15 Keiyona
15 Latece
15 Tanusha
15 Yaschica
16 Caiser
16 Denton
16 Doha
16 Ginevieve
16 Jahkir
16 Letanya
16 Makinna
16 Oliverio
16 Richette
16 Saroun
16 Sheree
17 Akiana
17 Ezel
17 Lena
17 Mykea
17 Sherona
17 Sukaina
17 Tristany
17 Valo
18 Amorrah
18 Deauna
18 Kayren
18 Ludlow
18 Malta
18 Sair
18 Shameerah
19 Atsuko
19 Daronda
19 Heber
19 Josiana
19 Livee
19 Maryem
19 Pearlia
20 Bryant
20 Emoriee
20 Jayvian
20 Sereta
20 Trevvor
20 Winson
21 Averee
21 Delain
21 Dessel
21 Ian
21 Ishareddy
21 Marlika
21 Midnight
21 Morgandy
21 Nohemi
21 Priscyla
21 Relic
21 Seanix
21 Tramar
22 Elishah
22 Fredith
22 Kamuela
22 Kedran
22 Priyasha
22 Quadier
22 Ranvir
22 Rehanna
23 Adis
23 Daiel
23 Dmario
23 Dylen
23 Eldrige
23 Gregory
23 Jayvius
23 Meldia
23 Ode
23 Sandybell
23 Tralaya
23 Zydia
24 Branwen
24 Emmily
24 Nil
24 Saniia
24 Shankar
24 Sharetta
25 Allyria
25 Aubrelle
25 Bareen
25 Becklyn
25 Charrissa
25 Kendera
25 Laleh
25 Latorri
25 Myshawn
25 Nashika
25 Naura
25 Wiley
26 Alaira
26 Ceyana
26 Delcia
26 Jakela
26 Maggi
26 Mekhai
26 Nikos
26 Rothwell
26 Serrah
26 Tabasom
27 Baheerah
27 Dejanira
27 Minnia
27 Pal
27 Perna
27 Randolyn
27 Shonda
27 Unique
27 Yatharth
28 Anastaisa
28 Chander
28 Demontrae
28 Diezel
28 Josejavier
28 Lataya
28 Naomy
28 Shavonya
28 Tamaz
28 Theia
28 Trejan
29 Aleksah
29 Amarise
29 Arcelio
29 Canice
29 Chanci
29 Jamece
29 Saiyan
29 Serentiy
29 Shontae
29 Virat
30 Benjiman
30 Envyi
30 Glossie
30 Grafton
30 Jaylaah
30 Latera
30 Matisyahu
30 Memphis
30 Mikyla
30 Miraclle
30 Shaakirah
31 Dajuana
31 Demarien
31 Druv
31 Haamid
31 Hagop
31 Lenoir
31 Saeda
31 Shonnie
31 Sojoud
31 Tyronda
32 Ahmad
32 Alverna
32 Charleszetta
32 Nikeya
33 Cheilon
33 Jhace
33 Josael
33 Laurenashley
33 Lynnly
33 Settimio
33 Shaker
33 Xsavion
34 Abgail
34 Audemar
34 Clanton
34 Dashell
34 Debbe
34 Ileana
34 Juluis
34 Kardi
34 Latayvia
34 Mylah
34 Mytia
34 Quimora
34 Rollins
34 Safoora
34 Tripton
35 Abdulmohsen
35 Aimee
35 Avanah
35 Donvan
35 Jazmyn
35 Kataliya
35 Kee
35 Konley
35 Lavares
35 Lazavion
35 Ma
35 Maryfer
35 Uzuri
36 Eniylah
36 Hurlie
36 Jalice
36 Kiandria
36 Marseille
36 Ondreaz
37 Aarsh
37 Ahmednur
37 Anoah
37 Clarica
37 Icelean
37 Jujuan
37 Macynn
37 Nency
38 Charnique
38 Cherrel
38 Cortazia
38 Criscia
38 Deterrio
38 Grettel
38 Leihum
38 Reesa
38 Strange
38 Zayla
39 Amirus
39 Gould
39 Iyon
39 Jennipher
39 Kierce
39 Marcandre
39 Miram
39 Oneva
39 Silverio
39 Vaniecia
40 Debrah
40 Elizabelle
40 Ivannia
40 Jadaveon
40 Kydin
40 Madhumitha
40 Malaiya
40 Morrissa
40 Myona
40 Tim
41 Anniston
41 Champion
41 Dardanella
41 Dariyan
41 Deivion
41 Devindra
41 Konnie
42 Arielys
42 Daleesa
42 Dijonay
42 Halyn
42 Juron
42 Lark
42 Nicie
42 Rowena
42 Utah
42 Zareia
43 Abduel
43 Ahlaysia
43 Ancy
43 Chrysander
43 Cung
43 Halima
43 Kashonna
43 Marriam
43 Milnor
43 Ranold
43 Renona
43 Tannaz
43 Zainab
44 Akilles
44 Aliceson
44 Chasiti
44 Dade
44 Gianetta
44 Josalyn
44 Laneah
44 Leiyani
44 Prisilla
44 Roronoa
44 Shailene
44 Welburn
44 Yalitza
45 Alexzandar
45 Dailany
45 Ilana
45 Jeneice
45 Learline
45 Malaysha
45 Matheos
45 Matthue
45 Michaael
45 Sanchi
45 Shikina
45 Tanuj
45 Tess
46 Alexzandrya
46 Elissha
46 Gandolfo
46 Gerladine
46 Kinari
46 Klhoe
46 Rynette
46 Sauel
46 Taneiya
46 Trijal
46 Vondre
47 Jacquoline
47 Pranith
47 Sedric
47 Yuuka
48 Alby
48 Asisha
48 Charlice
48 Gian
48 Juliya
48 Keydra
48 Lutisha
48 Mayreli
48 Mervil
48 Pembroke
48 Raanan
48 Toshiyuki
49 Azayla
49 Charlita
49 Chaylen
49 Conal
49 Dierdre
49 Gella
49 Ilir
49 Imia
49 Jaafar
49 Jannah
49 Jazlen
49 Khairy
49 Lalicia
50 Adesina
50 Cayse
50 Charisa
50 Derrianna
50 Dykeria
50 Jesalee
50 Lakshya
50 Mitchael
50 Tachara
50 Vina
50 Zahia
51 Ceiara
51 Gipsy
51 Maiza
51 Noreita
51 Oluwadara
51 Raekwon
51 Sanvith
51 Sencere
51 Teysha
51 Vikas
52 Alyssanicole
52 Ammiel
52 Chaysen
52 Demingo
52 Denico
52 Gahan
52 Haizlie
52 Jaalen
52 Kainen
52 Kirie
52 Pranita
52 Rontavious
52 Tereas
52 Valoris
52 Vergene
53 Alya
53 Carmella
53 Dequavius
53 Fathima
53 Feven
53 Jermyra
53 Keiva
53 Kishauna
53 Lurinda
53 Michaelandrew
53 Morica
53 Staci
53 Vrishank
53 Zhyla
54 Bernella
54 Din
54 Heberth
54 Javionte
54 Laihla
54 Makalla
54 Mitra
54 Reuel
54 Scherri
54 Thursa
54 Yoneo
55 Cesily
55 Tarquin
56 Angelena
56 Kaheim
56 Keyshone
56 Layahna
56 Madgline
56 Maudell
56 Monzerrat
56 Santangela
56 Thayli
56 Tracer
56 Udham
57 Macallister
57 Tiva
58 Adrielle
58 Ahzariah
58 Aqeel
58 Bhakti
58 Chylah
58 Dalis
58 Dudley
58 Isamar
58 Jaisley
58 Lorice
58 Luwanna
58 Manbir
58 Rudra
58 Salene
58 Thali
58 Zakoda
59 Anaejah
59 Anike
59 Chaela
59 Charlesedward
59 Debony
59 Edwina
59 Joliee
59 Lashundia
59 Marqutia
60 Elroi
60 Nelin
60 Nyilah
60 Thayden
60 Yameena
61 Annaliya
61 Branton
61 Bubbles
61 Landrie
61 Malven
61 Rosanne
61 Skarlett
61 Supraja
61 Tasha
61 Temiko
62 Johua
62 Marg
62 Meddie
62 Miah
62 Pierra
62 Shreyaan
62 Tau
62 Tennesia
62 Thirza
62 Trulee
62 Zaedyn
63 Beauregard
63 Brittary
63 Cesare
63 Corazon
63 Ezekiel
63 Jeyshangelise
63 Kosten
63 Mcauthur
63 Nixin
63 Rocheal
63 Ronke
64 Bellamie
64 Iylee
64 Korrina
64 Sular
64 Vannette
65 Deerick
65 Elei
65 Hawah
65 Javiyah
65 Jervis
65 Kertrina
65 Kyer
65 Lucene
65 Marcilla
65 Mckenley
65 Mynette
65 Pantera
65 Somia
65 Taymen
65 Vaibhav
66 Abrahim
66 Braylan
66 Deverne
66 Dondi
66 Elliza
66 Gervonta
66 Jaretta
66 Kaylae
66 Ktina
66 Libeth
66 Maisel
66 Mikeyla
66 Scottland
66 Tamerlan
66 Tylone
66 Zafiro
67 Carlo
67 Chayton
67 Cherif
67 Harjot
67 Kathrina
67 Marah
67 Nickita
67 Ruble
67 Shaelee
67 Thasha
67 Tridha
68 Aashvik
68 Adelphia
68 Evita
68 Latechia
68 Lutitia
68 Madylin
68 Noragrace
68 Shayndel
68 Tabrisha
69 Aadhyasri
69 Akai
69 Bill
69 Brooker
69 Caitlain
69 Chasie
69 Cheikh
69 Danil
69 Davied
69 Finnis
69 Iristine
69 Johnnetta
69 Keisel
69 Nimir
69 Scharlotte
69 Shniya
69 Sly
69 Uhtred
69 Xharia
69 Yiyang
69 Ysobel
70 Coetta
70 Davor
70 Docia
70 Elajuwon
70 Gaurik
70 Inori
70 Iyanla
70 Kately
70 Lextyn
70 Luann
70 Romelda
70 Taquisa
70 Traneisha
70 Zekial
71 Airrion
71 Iyanni
71 Keivn
71 Mehul
71 Nancee
71 Nollie
71 Raksha
71 Rickey
71 Treyton
71 Tyquann
72 Abrom
72 Cherlene
72 Clema
72 Divan
72 Heliana
72 Jildardo
72 Matthw
72 Nitiksha
73 Ittai
73 Joyette
73 Lennell
73 Otman
73 Quinzel
73 Severina
74 Aleyza
74 Gazi
74 Gioanna
74 Hrishikesh
74 Kedric
74 Lilbert
74 Makalya
74 Nikkia
74 Oumou
74 Shaba
74 Shaynell
74 Tamerra
74 Tawna
75 Journni
75 Lourene
75 Maratha
75 Orean
75 Pressie
75 Reianna
75 Rhiauna
75 Zyara
76 Alisher
76 Damiah
76 Dorcia
76 Jermichael
76 Loui
76 Maricely
76 Othel
76 Shantasia
76 Tojuana
76 Tshai
77 Akul
77 Karthikeyan
77 Love
77 Maizlyn
77 Misaki
77 Novaly
77 Shameia
77 Yaniya
77 Zakhari
77 Zyiah
78 Ayannah
78 Hayzlee
78 Khyan
78 Shakye
78 Sibyle
78 Vydia
79 Adrianjames
79 Burchell
79 Claire
79 Garold
79 Hosia
79 Jyia
79 Keighly
79 Keylli
79 Markyia
79 Nacona
79 Shoji
79 Simron
80 Arthas
80 Avisha
80 Chalese
80 Joshia
80 Kater
80 Mitali
80 Raeanna
80 Rumaldo
80 Shance
80 Terron
80 Tuere
81 Bodhe
81 Glendalys
81 Kapria
81 Ladan
81 Lashe
81 Lizmari
81 Toni
81 Zarayiah
82 Bridgit
82 Ciarra
82 Daxen
82 Jeziah
82 Korene
82 Latwanna
82 Lyell
82 Milia
82 Olee
82 Samarah
82 Shlomit
82 Trashell
83 Kato
83 Lassandra
83 Marshel
83 Sharnaye
83 Tranasia
83 Waqas
84 Adedeji
84 Beverlie
84 Elisheva
84 Escanor
84 Jabriya
84 Juanisha
84 Konstanty
84 Mckenzi
84 Mohammedali
84 Pedroluis
84 Rylon
84 Sabatino
84 Starshemah
84 Vinesha
85 Abdi
85 Dyante
85 Frederick
85 Jatniel
85 Jaydem
85 Josaia
85 Loree
85 Tonja
86 Auriona
86 Bryshawn
86 Eliandra
86 Giuseppi
86 Haether
86 Jagger
86 Kariona
86 Laryah
86 Mckinslee
86 Roser
87 Axten
87 Carmen
87 Delita
87 Gaspar
87 Jhamal
87 Johnice
87 Ruberto
87 Yoshira
88 Aniysa
88 Chariss
88 Kaliko
88 Kiwanda
88 Lainie
88 Lyndan
88 Rabon
88 Seandouglas
88 Yochanon
89 Citali
89 Emmalisa
89 Farooq
89 Ivrie
89 Laysen
89 Londonn
89 Magdelana
89 Ramond
89 Waldena
90 Aunystee
90 Chesa
90 Darries
90 Demetree
90 Eesah
90 Kobina
90 Rica
91 Arai
91 Asaph
91 Darnisha
91 Denesha
91 Kanen
91 Kartik
91 Khelsi
91 Magdeline
91 Narelle
91 Preeya
91 Richaad
91 Sumeya
91 Teslyn
91 Tokiko
92 Brigham
92 Charlyee
92 Jadaisha
92 Kenzel
92 Lurlee
92 Ophir
92 Rhaven
92 Rickki
92 Sunshine
92 Triton
93 Anie
93 Azariyah
93 Boney
93 Ehlani
93 Elvera
93 Keyauna
93 Mikiel
93 Princessa
93 Qwintin
93 Raffi
94 Aurionna
94 Caeley
94 Cedrice
94 Cintia
94 Evola
94 Hannibal
94 Margaretta
94 Norvie
94 Panagiotes
94 Shandalyn
94 Shaniece
94 Waelyn
94 Zierra
95 Cassandra
95 Dellamae
95 Farm
95 Heavan
95 Kaelynn
95 Kanilah
95 Laksmi
95 Leiyla
95 Moua
95 Shaunessy
95 Valdo
95 Vernay
95 Vivia
96 Alyciah
96 Bibiaisha
96 Brettany
96 Buster
96 Casanova
96 Clela
96 Dawana
96 Dejahnae
96 Diaquan
96 Duniya
96 Hoyett
96 Makeya
96 Octaviano
96 Pleasure
96 Ridan
96 Tish
97 Alonda
97 Anakyn
97 Barbaa
97 Dariyah
97 Guilmar
97 Joseany
97 Kerolos
97 Moya
97 Norbu
97 Retha
97 Sabastion
98 Amirian
98 Bashton
98 Jannik
98 Julious
98 Willean
99 Ivoryrose
99 Jaideep
99 Nikyta
99 Rodaisha
100 Albiery
100 Devontay
100 Latresha
100 Lisette
100 Nikaya
100 Tonishia
