84
110
132
250
272
316
356
415
425
448
506
536
559
566
627
662
675
688
814
830
900
952
1043
1078
1136
1310
1431
1492
1508
1516
1530
1670
1776
1786
1850
1876
1896
2042
2065
2078
2226
2228
2270
2330
2367
3046
3103
3149
3250
3410
3426
3482
3510
3516
3546
3606
3642
3672
3998
4050
4092
4192
4256
4266
4282
4334
4363
4364
4466
4496
4522
4624
4678
4678
4712
4726
4748
4787
4796
5020
5057
5151
5286
5288
5305
5346
5402
5422
5447
5645
5677
5707
5778
5785
5802
5820
5822
5875
5914
5958
5976
6009
6102
6112
6144
6178
6406
6530
6543
6586
6824
6895
6917
6918
6928
7219
7226
7418
7544
7681
7742
7878
7937
8083
8088
8132
8147
8164
8174
8306
8326
8342
8498
8573
8580
8606
8610
8654
8828
8870
8878
8890
9113
9254
9254
9264
9290
9358
9403
9462
9552
9558
9571
9604
9696
9903
9968
10130
10168
10206
10538
10552
10600
10668
10806
10868
10998
11038
11046
11224
11293
11338
11426
11448
11510
11570
11738
11914
11920
12130
12206
12370
12372
12400
12404
12468
12516
12519
12596
12694
12856
12942
12988
13024
13110
13144
13219
13220
13296
13342
13368
13408
13450
13480
13484
13490
13526
13531
13537
13626
13654
13738
13818
13869
13948
14058
14160
14240
14411
14433
14486
14494
14512
14620
14858
14882
14898
15164
15184
15254
15284
15382
15414
15594
15724
15740
15756
15792
15820
15891
16146
16202
16222
16280
16293
16363
16368
16380
16388
16534
16667
16706
16841
16876
16892
16908
16946
16998
17054
17228
17246
17391
17402
17502
17596
17601
17668
17738
17854
17864
17886
17977
18132
18140
18170
18225
18352
18386
18508
18630
18761
18895
18921
19016
19085
19106
19170
19249
19252
19361
19424
19454
19488
19550
19586
19588
19606
19625
19656
19778
19924
19955
19986
20033
20119
20190
20280
20298
20472
20550
20663
20681
20710
20866
20870
20944
20972
21058
21126
21393
21404
21412
21445
21464
21466
21534
21582
21674
21687
21692
21834
21846
21930
21956
21988
22182
22197
22245
22390
22412
22490
22556
22583
22586
22643
22752
22942
22950
23040
23096
23166
23207
23211
23230
23313
23359
23379
23501
23620
23742
23762
23773
23778
23946
23954
23989
24000
24052
24124
24162
24163
24200
24304
24340
24485
24504
24534
24606
24619
24648
24722
24756
24856
24858
24976
24994
25088
25136
25154
25178
25324
25416
25513
25534
25564
25593
25628
25636
25722
25870
26003
26030
26111
26446
26454
26543
26690
26693
26888
26890
26893
26980
27056
27083
27152
27170
27428
27452
27690
27709
27794
27818
27844
27902
28042
28108
28181
28303
28505
28520
28606
28800
28838
28968
28969
29166
29219
29242
29268
29359
29487
29594
29696
29730
29750
29752
29800
30008
30101
30102
30127
30146
30156
30302
30318
30450
30488
30571
30628
30630
30712
30726
30782
30812
30898
30940
30981
31068
31150
31264
31275
31334
31369
31555
31686
31962
32063
32078
32159
32238
32262
32262
32265
32297
32312
32443
32524
32538
32572
32621
32622
32713
32870
32945
32962
32982
33046
33104
33158
33198
33216
33267
33280
33284
33304
33306
33430
33516
33892
33950
34012
34016
34074
34085
34093
34164
34184
34304
34424
34480
34508
34568
34642
34656
34676
34688
34757
34890
34918
34923
34966
34976
35024
35042
35042
35090
35106
35126
35162
35238
35274
35276
35304
35338
35449
35501
35569
35600
35624
35761
35790
35800
35910
35980
36140
36156
36158
36398
36565
36574
36632
36737
36740
36740
36885
36902
36928
36968
36988
37022
37106
37113
37154
37198
37218
37263
37520
37542
37555
37574
37578
37607
37738
37772
37852
37908
37960
38034
38052
38055
38102
38210
38306
38364
38479
38567
38572
38619
38644
38979
38986
39056
39092
39237
39298
39402
39464
39600
39610
39648
39698
39716
39779
39786
40092
40126
40138
40194
40418
40530
40544
40612
40660
40766
40814
40824
40882
40936
40980
41109
41162
41222
41236
41250
41346
41568
41636
41760
41766
41798
41896
41906
41947
42112
42182
42256
42332
42408
42433
42560
42560
42599
42605
42729
42804
42827
42865
42881
42895
42923
42938
42994
43136
43180
43275
43282
43394
43406
43442
43498
43502
43520
43532
43580
43656
43726
44064
44071
44085
44116
44252
44386
44428
44628
44648
44696
44726
44752
44876
44968
45038
45056
45102
45106
45256
45366
45384
45644
45668
45672
45838
45854
45876
45912
45940
46010
46100
46158
46210
46242
46468
46478
46516
46528
46567
46604
46726
46791
46958
47082
47088
47146
47454
47487
47720
47729
47752
47764
47785
47816
47820
47832
47938
47940
47994
48060
48097
48101
48146
48362
48454
48518
48654
48724
48729
48742
48841
48860
48923
48932
48952
48960
49051
49116
49144
49288
49339
49412
49554
49662
49688
49776
49924
50041
50045
50108
50132
50148
50176
50249
50404
50472
50476
50480
50574
50584
50718
50758
50833
51150
51171
51184
51210
51216
51232
51262
51366
51470
51566
51650
51768
51802
51885
51953
51956
52075
52102
52108
52115
52190
52366
52450
52536
52726
52792
52792
52798
52904
52924
53048
53067
53068
53118
53238
53286
53294
53349
53402
53430
53482
53554
53898
53948
54100
54120
54299
54302
54344
54354
54367
54378
54404
54468
54480
54560
54563
54599
54608
54620
54790
54954
55066
55216
55229
55232
55248
55424
55434
55444
55480
55716
55734
55804
55810
55828
55950
55989
55996
56044
56069
56144
56182
56438
56630
56641
56676
56738
56744
56924
56956
57010
57010
57169
57226
57256
57402
57430
57442
57448
57464
57470
57487
57544
57736
57742
57742
57792
57798
57894
57908
58070
58084
58115
58168
58388
58466
58592
58674
58682
58932
58938
59117
59168
59194
59217
59238
59242
59312
59366
59506
59512
59548
59629
59638
59710
59790
59841
59878
59911
59940
60034
60176
60282
60399
60449
60454
60510
60578
60622
60636
60653
60716
60756
61062
61164
61178
61198
61280
61442
61501
61508
61600
61696
61880
61900
61980
62068
62116
62118
62175
62242
62274
62346
62370
62451
62540
62551
62866
62892
62946
62956
62966
63018
63112
63364
63384
63438
63478
63514
63622
63684
63750
63776
63794
63814
63904
63938
64076
64168
64168
64213
64254
64358
64426
64489
64500
64543
64572
64580
64686
64764
64776
64888
65060
65080
65200
65288
65288
65392
65504
