1
11
111
1111
11111
111111
1111111
11111111
111111111
1111111111
11111111111
111111111111
1111111111111
11111111111111
111111111111111
1111111111111111
11111111111111111
111111111111111111
1111111111111111111
11111111111111111111
111111111111111111111
1111111111111111111111
11111111111111111111111
111111111111111111111111
1111111111111111111111111
11111111111111111111111111
111111111111111111111111111
1111111111111111111111111111
11111111111111111111111111111
111111111111111111111111111111
1111111111111111111111111111111
11111111111111111111111111111111
111111111111111111111111111111111
1111111111111111111111111111111111
11111111111111111111111101111111111
111111111111111111111111111111111111
1111111111111111111111111111111111111
11111111111111111111111111111111111111
111111111111111111111111111111111111111
1111111111111111111111111111111111111111
11111111111111111111111111111111111111111
111111111111111111111111111111111111111111
1111111111111111111111111111111111111111111
11111111111111111111111111111111111111111111
111111111111111111111111111111111111111111111
1111111111111111111110111111111111111111111111
11111111111111111111111111111111111111111111111
111111111111111111111111111111111111111111111111
1111111111111111111111111111111111111111111111111
11111111111111111111111111111111111111111111111111
111111111111111111111111111111111111111111111111111
1111111111111111111111111111111111111111111111111111
11111111111111111111111111111111111111111111111111111
111111111111111111111111111111111111111111111111111111
1111111111110111111111111111111111111111111111111111111
11111111111111111111111111111111111111111111111111111111
111111111111111111111111111111111111111111111111111111111
1111111111111111111111111111111111111111111111111111111111
11111111111111110111111111111111111111111111111111111111111
111111111111111111111111111111111111111111111111111111111111
1111111111111111111111111111111111111111111111111111111111111
11111111111111111111111111111111111111111111111111111111111111
111111111111111111111111111111111111111111111111111111111111111
1111111111111111111111111111111111111111111111111111111111111111
11111111111111111111111111111111111111011111111111111111111111111
111111111111111111111111111111111111111111111111111111111111111111
1111111111111111111111111111111111111111111111111111111111111111111
11111111111111111111111111111111111111111111111111111111111111111111
111111111110111111111111111111111111111111111111111111111111111111111
1111111111111111011111111111111111111111111111111111111111111111111111
11111111111111111111111111111111111111111111111111111111111111111111111
111111111111111101111111111111111111111111111111111111111111111111111111
1111111111111111111111111111111111111111111111111111111111111111111111111
11111111111111111111111111111111111111111111111111111111111111111111111111
111111111111111111111111111111111111111111111111111111111111111111111111111
1111111111111111111111111111111111111111111111111111111111111111111111111111
11111111111111111111111111111111111111111111111111111111111111111111111111111
111111111111111111111111111111111111111111111111111111111111111111111111111111
1111111111111111111111111111111111111111111111111111111111111111111111111111111
11111111111111111111111111111111111111111111111111111111111111111111111111111111
111111111111111111111111111111111111111111111111111111111111111111111111111111111
1111111111111111111111111111111111111111111111111111111111111111111111111111111111
11111111111111111111111111111111111111111111111111111111111111111111111111111111111
111111111111111111111111111111111111111111111111111111111111111111111111111111111111
1111111111111111111111111111111111111111111111111111111111111111111111111111111111111
11111111111111111111111111111111111111111111111111111111111111111111111111111111111111
111111111111111111111111111111111111111111111111111111111111111111111111111111111111111
1111111111111111111110111111111111111111111111111111111111111111111111111111111111111111
11111111111111111111111111111111111111111111111111111111111111111111111111111111111111111
111111111111111111111111111111111111111111111111111111111111111111111111111111111111111111
1111111111111111111111111111111111111111111111111111111111111111111111111111111111111111111
11111111111111111111111110111111111011111111111111111111111111111111111110111110111111111111
111111111111111111111111111111111111111111111111111111111111111111111111111111111111111101111
1111111111111111111111111111111111111111111111111111111111111111111110111111111111111111111111
11111111111111111111111111111111111111111111111111111111111111111111111111111111111111111111111
111111111111111111111111111111111111111111111111111111111111111111111111111111111111111111111111
1111111111111111111111111111111111111111111111111111111111111111111111111111111111111111111111111
11111111111111111111111111111111111111111111111111111111111111111111111111111111111111111111111111
111111111111111111111111111111111111111111111111111111111111111111111111111111111111111111111111111
1111111111111111111111111111111111111111111111111111111111111111111111111111111111111111111111111111
